<?xml version="1.0" encoding="UTF-8"?>
<testng-results ignored="0" total="1" passed="1" failed="0" skipped="0">
  <reporter-output>
  </reporter-output>
  <suite started-at="2024-03-03T18:19:55 IST" name="Default suite" finished-at="2024-03-03T18:20:06 IST" duration-ms="11413">
    <groups>
    </groups>
    <test started-at="2024-03-03T18:19:55 IST" name="Default test" finished-at="2024-03-03T18:20:06 IST" duration-ms="11413">
      <class name="demopackage.DemoTest">
        <test-method signature="loginTest()[pri:0, instance:demopackage.DemoTest@72e5a8e]" started-at="2024-03-03T18:19:55 IST" name="loginTest" finished-at="2024-03-03T18:20:06 IST" duration-ms="11329" status="PASS">
          <reporter-output>
          </reporter-output>
        </test-method> <!-- loginTest -->
      </class> <!-- demopackage.DemoTest -->
    </test> <!-- Default test -->
  </suite> <!-- Default suite -->
</testng-results>
