<?xml version="1.0" encoding="UTF-8"?>
<!-- Generated by org.testng.reporters.JUnitXMLReporter -->
<testsuite ignored="0" hostname="Manoj_Kumar_M" failures="1" tests="1" name="Test" time="10.142" errors="0" timestamp="2024-02-24T15:23:05 IST">
  <testcase classname="demopackage.DemoTest" name="loginTest1" time="0.013">
    <failure type="java.lang.AssertionError" message="null">
      <![CDATA[java.lang.AssertionError: null
at demopackage.DemoTest.loginTest1(DemoTest.java:31)
at java.base/java.util.ArrayList.forEach(ArrayList.java:1511)
... Removed 29 stack frames]]>
    </failure>
  </testcase> <!-- loginTest1 -->
</testsuite> <!-- Test -->
