<?xml version="1.0" encoding="UTF-8"?>
<!-- Generated by org.testng.reporters.JUnitXMLReporter -->
<testsuite ignored="0" hostname="Manoj_Kumar_M" failures="0" tests="5" name="Test" time="0.14" errors="0" timestamp="2024-02-24T18:21:28 IST">
  <testcase classname="demopackage.DemoTest" name="loginTest" time="0.019">
    <skipped/>
  </testcase> <!-- loginTest -->
  <testcase classname="demopackage.DemoTest" name="loginTest" time="0.003">
    <skipped/>
  </testcase> <!-- loginTest -->
  <testcase classname="demopackage.DemoTest" name="loginTest" time="0.004">
    <skipped/>
  </testcase> <!-- loginTest -->
  <testcase classname="demopackage.DemoTest" name="loginTest" time="0.002">
    <skipped/>
  </testcase> <!-- loginTest -->
  <testcase classname="demopackage.DemoTest" name="loginTest" time="0.003">
    <skipped/>
  </testcase> <!-- loginTest -->
</testsuite> <!-- Test -->
